<?xml version="1.0" encoding="UTF-8"?>
<testng-results skipped="0" failed="0" ignored="0" total="2" passed="2">
  <reporter-output>
  </reporter-output>
  <suite name="Default suite" duration-ms="33368" started-at="2022-12-24T17:54:01 IST" finished-at="2022-12-24T17:54:34 IST">
    <groups>
    </groups>
    <test name="Default test" duration-ms="33368" started-at="2022-12-24T17:54:01 IST" finished-at="2022-12-24T17:54:34 IST">
      <class name="testcases.TC001CreateLead">
        <test-method status="PASS" signature="setdata()[pri:0, instance:testcases.TC001CreateLead@7a36aefa]" name="setdata" is-config="true" duration-ms="12" started-at="2022-12-24T17:54:01 IST" finished-at="2022-12-24T17:54:01 IST">
          <reporter-output>
          </reporter-output>
        </test-method> <!-- setdata -->
        <test-method status="PASS" signature="preCondition()[pri:0, instance:testcases.TC001CreateLead@7a36aefa]" name="preCondition" is-config="true" duration-ms="11110" started-at="2022-12-24T17:54:02 IST" finished-at="2022-12-24T17:54:13 IST">
          <reporter-output>
          </reporter-output>
        </test-method> <!-- preCondition -->
        <test-method status="PASS" signature="runCreateLead(java.lang.String,java.lang.String,java.lang.String)[pri:0, instance:testcases.TC001CreateLead@7a36aefa]" name="runCreateLead" duration-ms="9052" started-at="2022-12-24T17:54:13 IST" data-provider="fetchData" finished-at="2022-12-24T17:54:22 IST">
          <params>
            <param index="0">
              <value>
                <![CDATA[Microsoft]]>
              </value>
            </param>
            <param index="1">
              <value>
                <![CDATA[Divya]]>
              </value>
            </param>
            <param index="2">
              <value>
                <![CDATA[S]]>
              </value>
            </param>
          </params>
          <reporter-output>
          </reporter-output>
        </test-method> <!-- runCreateLead -->
        <test-method status="PASS" signature="postCondition()[pri:0, instance:testcases.TC001CreateLead@7a36aefa]" name="postCondition" is-config="true" duration-ms="179" started-at="2022-12-24T17:54:22 IST" finished-at="2022-12-24T17:54:22 IST">
          <reporter-output>
          </reporter-output>
        </test-method> <!-- postCondition -->
        <test-method status="PASS" signature="preCondition()[pri:0, instance:testcases.TC001CreateLead@7a36aefa]" name="preCondition" is-config="true" duration-ms="2710" started-at="2022-12-24T17:54:22 IST" finished-at="2022-12-24T17:54:25 IST">
          <reporter-output>
          </reporter-output>
        </test-method> <!-- preCondition -->
        <test-method status="PASS" signature="runCreateLead(java.lang.String,java.lang.String,java.lang.String)[pri:0, instance:testcases.TC001CreateLead@7a36aefa]" name="runCreateLead" duration-ms="8963" started-at="2022-12-24T17:54:25 IST" data-provider="fetchData" finished-at="2022-12-24T17:54:34 IST">
          <params>
            <param index="0">
              <value>
                <![CDATA[Google]]>
              </value>
            </param>
            <param index="1">
              <value>
                <![CDATA[Priya]]>
              </value>
            </param>
            <param index="2">
              <value>
                <![CDATA[S]]>
              </value>
            </param>
          </params>
          <reporter-output>
          </reporter-output>
        </test-method> <!-- runCreateLead -->
        <test-method status="PASS" signature="postCondition()[pri:0, instance:testcases.TC001CreateLead@7a36aefa]" name="postCondition" is-config="true" duration-ms="99" started-at="2022-12-24T17:54:34 IST" finished-at="2022-12-24T17:54:34 IST">
          <reporter-output>
          </reporter-output>
        </test-method> <!-- postCondition -->
      </class> <!-- testcases.TC001CreateLead -->
    </test> <!-- Default test -->
  </suite> <!-- Default suite -->
</testng-results>
